<?xml version="1.0" encoding="UTF-8"?>
<testng-results skipped="0" failed="0" ignored="0" total="1" passed="1">
  <reporter-output>
  </reporter-output>
  <suite name="Command line suite" duration-ms="4491" started-at="2021-04-04T14:51:37Z" finished-at="2021-04-04T14:51:42Z">
    <groups>
    </groups>
    <test name="Command line test" duration-ms="4491" started-at="2021-04-04T14:51:37Z" finished-at="2021-04-04T14:51:42Z">
      <class name="test12.prasad">
        <test-method status="PASS" signature="google()[pri:0, instance:test12.prasad@604ed9f0]" name="google" duration-ms="4426" started-at="2021-04-04T14:51:37Z" finished-at="2021-04-04T14:51:42Z">
          <reporter-output>
          </reporter-output>
        </test-method> <!-- google -->
      </class> <!-- test12.prasad -->
    </test> <!-- Command line test -->
  </suite> <!-- Command line suite -->
</testng-results>
